<?xml version="1.0" encoding="UTF-8"?>
<testsuites name="FinalSuite" time="3.14" tests="2" failures="0" errors="0">
   <testsuite name="FinalSuite" tests="2" failures="0" errors="0" time="3.14" skipped="0" timestamp="2023-11-02 19:48:33" hostname="DS009$ - DS009.step.com" id="Test Suites/FinalSuite">
      <properties>
         <property name="deviceName" value=""/>
         <property name="devicePlatform" value=""/>
         <property name="logFolder" value="C:\\Users\\Rohit Dhanwade\\git\\FinalCICD\\Reports\\20231102_194825\\FinalSuite\\20231102_194826"/>
         <property name="logFiles" value="C:\\Users\\Rohit Dhanwade\\git\\FinalCICD\\Reports\\20231102_194825\\FinalSuite\\20231102_194826\\execution0.log"/>
         <property name="attachments" value=""/>
         <property name="hostName" value="DS009$ - DS009.step.com"/>
         <property name="os" value="Windows 10 64bit"/>
         <property name="katalonVersion" value="9.0.0.212"/>
         <property name="browser" value=""/>
         <property name="hostAddress" value="192.168.0.145"/>
         <property name="sessionId" value="b589683af3f30a47c9ca0106aaef57db"/>
         <property name="seleniumVersion" value="3.141.59"/>
         <property name="proxyInformation" value="ProxyInformation { proxyOption=NO_PROXY, proxyServerType=HTTP, username=, password=********, proxyServerAddress=, proxyServerPort=0, executionList=&quot;&quot;, isApplyToDesiredCapabilities=true }"/>
         <property name="platform" value="Windows 10"/>
      </properties>
      <testcase name="Test Cases/Login" time="2.96" classname="Test Cases/Login" status="PASSED">
         <system-out><![CDATA[2023-11-02 19:48:34 - [TEST_CASE][PASSED] - Test Cases/Login: Test Cases/Login

2023-11-02 19:48:34 - [TEST_STEP][PASSED] - println("login test case"): null

2023-11-02 19:48:34 - [TEST_STEP][PASSED] - openBrowser("https://www.facebook.com"): Browser is opened with url: 'https://www.facebook.com'

2023-11-02 19:48:34 - [MESSAGE][INFO] - Starting 'Chrome' driver

2023-11-02 19:48:34 - [MESSAGE][INFO] - Action delay is set to 0 milliseconds

2023-11-02 19:48:36 - [MESSAGE][PASSED] - Browser is opened with url: 'https://www.facebook.com']]></system-out>
         <system-err><![CDATA[]]></system-err>
      </testcase>
      <testcase name="Test Cases/Log out" time="0.043" classname="Test Cases/Log out" status="PASSED">
         <system-out><![CDATA[2023-11-02 19:48:36 - [TEST_CASE][PASSED] - Test Cases/Log out: Test Cases/Log out

2023-11-02 19:48:37 - [TEST_STEP][PASSED] - println("Log out test case"): null

2023-11-02 19:48:37 - [TEST_STEP][PASSED] - println("Log out test case"): null]]></system-out>
         <system-err><![CDATA[]]></system-err>
      </testcase>
      <system-out><![CDATA[2023-11-02 19:48:33 - [TEST_SUITE][PASSED] - FinalSuite: Test Cases/Log out]]></system-out>
      <system-err><![CDATA[]]></system-err>
   </testsuite>
</testsuites>
