<?xml version="1.0" encoding="UTF-8"?>
<testsuites name="FinalSuite" time="0.332" tests="2" failures="0" errors="0">
   <testsuite name="FinalSuite" tests="2" failures="0" errors="0" time="0.332" skipped="0" timestamp="2023-11-01 15:08:20" hostname="DS009$ - DS009.step.com" id="Test Suites/FinalSuite">
      <properties>
         <property name="deviceName" value=""/>
         <property name="devicePlatform" value=""/>
         <property name="logFolder" value="C:\\Users\\Rohit Dhanwade\\git\\FinalCICD\\Reports\\20231101_150816\\FinalSuite\\20231101_150817"/>
         <property name="logFiles" value="C:\\Users\\Rohit Dhanwade\\git\\FinalCICD\\Reports\\20231101_150816\\FinalSuite\\20231101_150817\\execution0.log"/>
         <property name="attachments" value=""/>
         <property name="hostName" value="DS009$ - DS009.step.com"/>
         <property name="hostAddress" value="192.168.0.145"/>
         <property name="os" value="Windows 10 64bit"/>
         <property name="katalonVersion" value="9.0.0.212"/>
      </properties>
      <testcase name="Test Cases/Login" time="0.155" classname="Test Cases/Login" status="PASSED">
         <system-out><![CDATA[2023-11-01 15:08:20 - [TEST_CASE][PASSED] - Test Cases/Login: Test Cases/Login

2023-11-01 15:08:20 - [TEST_STEP][PASSED] - println("login test case"): null]]></system-out>
         <system-err><![CDATA[]]></system-err>
      </testcase>
      <testcase name="Test Cases/Log out" time="0.052" classname="Test Cases/Log out" status="PASSED">
         <system-out><![CDATA[2023-11-01 15:08:20 - [TEST_CASE][PASSED] - Test Cases/Log out: Test Cases/Log out

2023-11-01 15:08:20 - [TEST_STEP][PASSED] - println("Log out test case"): null]]></system-out>
         <system-err><![CDATA[]]></system-err>
      </testcase>
      <system-out><![CDATA[2023-11-01 15:08:20 - [TEST_SUITE][PASSED] - FinalSuite: Test Cases/Log out]]></system-out>
      <system-err><![CDATA[]]></system-err>
   </testsuite>
</testsuites>
